<?xml version="1.0" encoding="UTF-8"?>
<testng-results ignored="0" total="1" passed="1" failed="0" skipped="0">
  <reporter-output>
  </reporter-output>
  <suite started-at="2021-08-31T19:18:50 IST" name="Default suite" finished-at="2021-08-31T19:18:50 IST" duration-ms="212">
    <groups>
    </groups>
    <test started-at="2021-08-31T19:18:50 IST" name="Default test" finished-at="2021-08-31T19:18:50 IST" duration-ms="212">
      <class name="Day044_Return_Values.TC005_Return_Multiple_Values_HashMap">
        <test-method signature="Test1()[pri:0, instance:Day044_Return_Values.TC005_Return_Multiple_Values_HashMap@7b227d8d]" started-at="2021-08-31T19:18:50 IST" name="Test1" finished-at="2021-08-31T19:18:50 IST" duration-ms="31" status="PASS">
          <reporter-output>
          </reporter-output>
        </test-method> <!-- Test1 -->
      </class> <!-- Day044_Return_Values.TC005_Return_Multiple_Values_HashMap -->
    </test> <!-- Default test -->
  </suite> <!-- Default suite -->
</testng-results>
